13-Sep-2024 17:04:30.475 INFO [main] org.apache.catalina.startup.VersionLoggerListener.log Server version name:   Apache Tomcat/9.0.94
13-Sep-2024 17:04:30.501 INFO [main] org.apache.catalina.startup.VersionLoggerListener.log Server built:          Sep 5 2024 13:35:59 UTC
13-Sep-2024 17:04:30.502 INFO [main] org.apache.catalina.startup.VersionLoggerListener.log Server version number: 9.0.94.0
13-Sep-2024 17:04:30.502 INFO [main] org.apache.catalina.startup.VersionLoggerListener.log OS Name:               Windows 10
13-Sep-2024 17:04:30.503 INFO [main] org.apache.catalina.startup.VersionLoggerListener.log OS Version:            10.0
13-Sep-2024 17:04:30.504 INFO [main] org.apache.catalina.startup.VersionLoggerListener.log Architecture:          amd64
13-Sep-2024 17:04:30.509 INFO [main] org.apache.catalina.startup.VersionLoggerListener.log Java Home:             C:\Program Files\Java\jdk-17
13-Sep-2024 17:04:30.509 INFO [main] org.apache.catalina.startup.VersionLoggerListener.log JVM Version:           17.0.11+7-LTS-207
13-Sep-2024 17:04:30.509 INFO [main] org.apache.catalina.startup.VersionLoggerListener.log JVM Vendor:            Oracle Corporation
13-Sep-2024 17:04:30.510 INFO [main] org.apache.catalina.startup.VersionLoggerListener.log CATALINA_BASE:         D:\Program Files\Apache Software Foundation\Tomcat 9.0
13-Sep-2024 17:04:30.510 INFO [main] org.apache.catalina.startup.VersionLoggerListener.log CATALINA_HOME:         D:\Program Files\Apache Software Foundation\Tomcat 9.0
13-Sep-2024 17:04:31.340 INFO [main] org.apache.catalina.startup.VersionLoggerListener.log Command line argument: -Dcatalina.home=D:\Program Files\Apache Software Foundation\Tomcat 9.0
13-Sep-2024 17:04:31.343 INFO [main] org.apache.catalina.startup.VersionLoggerListener.log Command line argument: -Dcatalina.base=D:\Program Files\Apache Software Foundation\Tomcat 9.0
13-Sep-2024 17:04:31.343 INFO [main] org.apache.catalina.startup.VersionLoggerListener.log Command line argument: -Djava.io.tmpdir=D:\Program Files\Apache Software Foundation\Tomcat 9.0\temp
13-Sep-2024 17:04:31.344 INFO [main] org.apache.catalina.startup.VersionLoggerListener.log Command line argument: -Djava.util.logging.manager=org.apache.juli.ClassLoaderLogManager
13-Sep-2024 17:04:31.344 INFO [main] org.apache.catalina.startup.VersionLoggerListener.log Command line argument: -Djava.util.logging.config.file=D:\Program Files\Apache Software Foundation\Tomcat 9.0\conf\logging.properties
13-Sep-2024 17:04:31.345 INFO [main] org.apache.catalina.startup.VersionLoggerListener.log Command line argument: --add-opens=java.base/java.lang=ALL-UNNAMED
13-Sep-2024 17:04:31.346 INFO [main] org.apache.catalina.startup.VersionLoggerListener.log Command line argument: --add-opens=java.base/java.io=ALL-UNNAMED
13-Sep-2024 17:04:31.346 INFO [main] org.apache.catalina.startup.VersionLoggerListener.log Command line argument: --add-opens=java.rmi/sun.rmi.transport=ALL-UNNAMED
13-Sep-2024 17:04:31.347 INFO [main] org.apache.catalina.startup.VersionLoggerListener.log Command line argument: exit
13-Sep-2024 17:04:31.347 INFO [main] org.apache.catalina.startup.VersionLoggerListener.log Command line argument: abort
13-Sep-2024 17:04:31.348 INFO [main] org.apache.catalina.startup.VersionLoggerListener.log Command line argument: -Xms128m
13-Sep-2024 17:04:31.348 INFO [main] org.apache.catalina.startup.VersionLoggerListener.log Command line argument: -Xmx256m
13-Sep-2024 17:04:31.367 INFO [main] org.apache.catalina.core.AprLifecycleListener.lifecycleEvent Loaded Apache Tomcat Native library [1.3.1] using APR version [1.7.4].
13-Sep-2024 17:04:31.368 INFO [main] org.apache.catalina.core.AprLifecycleListener.lifecycleEvent APR capabilities: IPv6 [true], sendfile [true], accept filters [false], random [true], UDS [true].
13-Sep-2024 17:04:31.369 INFO [main] org.apache.catalina.core.AprLifecycleListener.lifecycleEvent APR/OpenSSL configuration: useAprConnector [false], useOpenSSL [true]
13-Sep-2024 17:04:31.393 INFO [main] org.apache.catalina.core.AprLifecycleListener.initializeSSL OpenSSL successfully initialized [OpenSSL 3.0.14 4 Jun 2024]
13-Sep-2024 17:04:32.950 INFO [main] org.apache.coyote.AbstractProtocol.init Initializing ProtocolHandler ["http-nio-8080"]
13-Sep-2024 17:04:33.137 INFO [main] org.apache.catalina.startup.Catalina.load Server initialization in [6459] milliseconds
13-Sep-2024 17:04:33.290 INFO [main] org.apache.catalina.core.StandardService.startInternal Starting service [Catalina]
13-Sep-2024 17:04:33.291 INFO [main] org.apache.catalina.core.StandardEngine.startInternal Starting Servlet engine: [Apache Tomcat/9.0.94]
13-Sep-2024 17:04:33.409 INFO [main] org.apache.catalina.startup.HostConfig.deployDirectory Deploying web application directory [D:\Program Files\Apache Software Foundation\Tomcat 9.0\webapps\docs]
13-Sep-2024 17:04:35.750 WARNING [main] org.apache.catalina.util.SessionIdGeneratorBase.createSecureRandom Creation of SecureRandom instance for session ID generation using [SHA1PRNG] took [362] milliseconds.
13-Sep-2024 17:04:35.883 INFO [main] org.apache.catalina.startup.HostConfig.deployDirectory Deployment of web application directory [D:\Program Files\Apache Software Foundation\Tomcat 9.0\webapps\docs] has finished in [2,474] ms
13-Sep-2024 17:04:35.883 INFO [main] org.apache.catalina.startup.HostConfig.deployDirectory Deploying web application directory [D:\Program Files\Apache Software Foundation\Tomcat 9.0\webapps\examples]
13-Sep-2024 17:04:37.081 INFO [main] org.apache.catalina.startup.HostConfig.deployDirectory Deployment of web application directory [D:\Program Files\Apache Software Foundation\Tomcat 9.0\webapps\examples] has finished in [1,197] ms
13-Sep-2024 17:04:37.082 INFO [main] org.apache.catalina.startup.HostConfig.deployDirectory Deploying web application directory [D:\Program Files\Apache Software Foundation\Tomcat 9.0\webapps\host-manager]
13-Sep-2024 17:04:37.317 INFO [main] org.apache.catalina.startup.HostConfig.deployDirectory Deployment of web application directory [D:\Program Files\Apache Software Foundation\Tomcat 9.0\webapps\host-manager] has finished in [236] ms
13-Sep-2024 17:04:37.318 INFO [main] org.apache.catalina.startup.HostConfig.deployDirectory Deploying web application directory [D:\Program Files\Apache Software Foundation\Tomcat 9.0\webapps\manager]
13-Sep-2024 17:04:37.428 INFO [main] org.apache.catalina.startup.HostConfig.deployDirectory Deployment of web application directory [D:\Program Files\Apache Software Foundation\Tomcat 9.0\webapps\manager] has finished in [111] ms
13-Sep-2024 17:04:37.428 INFO [main] org.apache.catalina.startup.HostConfig.deployDirectory Deploying web application directory [D:\Program Files\Apache Software Foundation\Tomcat 9.0\webapps\ROOT]
13-Sep-2024 17:04:37.517 INFO [main] org.apache.catalina.startup.HostConfig.deployDirectory Deployment of web application directory [D:\Program Files\Apache Software Foundation\Tomcat 9.0\webapps\ROOT] has finished in [89] ms
13-Sep-2024 17:04:37.589 INFO [main] org.apache.coyote.AbstractProtocol.start Starting ProtocolHandler ["http-nio-8080"]
13-Sep-2024 17:04:38.252 INFO [main] org.apache.catalina.startup.Catalina.start Server startup in [5115] milliseconds
